2015-03-04 13:33:05 DEBUG AuthFilter:28 - Request URI = /MobileAccount/
2015-03-04 13:33:06 DEBUG AuthFilter:30 - Session = null
2015-03-04 13:33:06 DEBUG AuthFilter:34 - Unauthorized access request
2015-03-04 13:33:06 DEBUG AuthFilter:28 - Request URI = /MobileAccount/index.jsp
2015-03-04 13:33:06 DEBUG AuthFilter:30 - Session = null
2015-03-04 13:33:06 DEBUG AuthFilter:28 - Request URI = /MobileAccount/
2015-03-04 13:33:06 DEBUG AuthFilter:30 - Session = null
2015-03-04 13:33:06 DEBUG AuthFilter:34 - Unauthorized access request
2015-03-04 13:33:06 DEBUG AuthFilter:28 - Request URI = /MobileAccount/index.jsp
2015-03-04 13:33:06 DEBUG AuthFilter:30 - Session = null
2015-03-04 13:33:36 DEBUG AuthFilter:28 - Request URI = /MobileAccount/test.jsp
2015-03-04 13:33:36 DEBUG AuthFilter:30 - Session = null
2015-03-04 13:33:36 DEBUG AuthFilter:34 - Unauthorized access request
2015-03-04 13:33:36 DEBUG AuthFilter:28 - Request URI = /MobileAccount/index.jsp
2015-03-04 13:33:36 DEBUG AuthFilter:30 - Session = null
2015-03-04 13:33:51 DEBUG AuthFilter:28 - Request URI = /MobileAccount/googlejsp
2015-03-04 13:33:51 DEBUG AuthFilter:30 - Session = null
2015-03-04 13:33:51 DEBUG AuthFilter:34 - Unauthorized access request
2015-03-04 13:33:51 DEBUG AuthFilter:28 - Request URI = /MobileAccount/index.jsp
2015-03-04 13:33:51 DEBUG AuthFilter:30 - Session = null
2015-03-04 13:34:18 DEBUG AuthFilter:28 - Request URI = /MobileAccount/index.jsp
2015-03-04 13:34:18 DEBUG AuthFilter:30 - Session = null
2015-03-04 13:36:17 DEBUG AuthFilter:28 - Request URI = /MobileAccount/
2015-03-04 13:36:17 DEBUG AuthFilter:30 - Session = null
2015-03-04 13:36:17 DEBUG AuthFilter:34 - Unauthorized access request
2015-03-04 13:36:17 DEBUG AuthFilter:28 - Request URI = /MobileAccount/MobileAccount/index.jsp
2015-03-04 13:36:17 DEBUG AuthFilter:30 - Session = null
2015-03-04 13:36:18 DEBUG AuthFilter:28 - Request URI = /MobileAccount/
2015-03-04 13:36:18 DEBUG AuthFilter:30 - Session = null
2015-03-04 13:36:18 DEBUG AuthFilter:34 - Unauthorized access request
2015-03-04 13:36:18 DEBUG AuthFilter:28 - Request URI = /MobileAccount/MobileAccount/index.jsp
2015-03-04 13:36:18 DEBUG AuthFilter:30 - Session = null
2015-03-04 13:36:32 DEBUG AuthFilter:28 - Request URI = /MobileAccount/index.jsp
2015-03-04 13:36:32 DEBUG AuthFilter:30 - Session = null
2015-03-04 13:37:13 DEBUG AuthFilter:28 - Request URI = /MobileAccount/
2015-03-04 13:37:13 DEBUG AuthFilter:30 - Session = null
2015-03-04 13:37:13 DEBUG AuthFilter:34 - Unauthorized access request
2015-03-04 13:37:13 DEBUG AuthFilter:28 - Request URI = /MobileAccount/index.jsp
2015-03-04 13:37:13 DEBUG AuthFilter:30 - Session = null
2015-03-04 13:37:14 DEBUG AuthFilter:28 - Request URI = /MobileAccount/
2015-03-04 13:37:14 DEBUG AuthFilter:30 - Session = null
2015-03-04 13:37:14 DEBUG AuthFilter:34 - Unauthorized access request
2015-03-04 13:37:14 DEBUG AuthFilter:28 - Request URI = /MobileAccount/index.jsp
2015-03-04 13:37:14 DEBUG AuthFilter:30 - Session = null
2015-03-04 13:41:47 DEBUG AuthFilter:28 - Request URI = /MobileAccount/
2015-03-04 13:41:47 DEBUG AuthFilter:30 - Session = null
2015-03-04 13:41:47 DEBUG AuthFilter:34 - Unauthorized access request
2015-03-04 13:41:47 DEBUG AuthFilter:28 - Request URI = /MobileAccount/index.jsp
2015-03-04 13:41:47 DEBUG AuthFilter:30 - Session = null
2015-03-04 13:41:48 DEBUG AuthFilter:28 - Request URI = /MobileAccount/
2015-03-04 13:41:48 DEBUG AuthFilter:30 - Session = null
2015-03-04 13:41:48 DEBUG AuthFilter:34 - Unauthorized access request
2015-03-04 13:41:48 DEBUG AuthFilter:28 - Request URI = /MobileAccount/index.jsp
2015-03-04 13:41:48 DEBUG AuthFilter:30 - Session = null
2015-03-04 13:47:43 DEBUG AuthFilter:28 - Request URI = /MobileAccount/
2015-03-04 13:47:43 DEBUG AuthFilter:30 - Session = null
2015-03-04 13:47:43 DEBUG AuthFilter:34 - Unauthorized access request
2015-03-04 13:47:43 DEBUG AuthFilter:28 - Request URI = /MobileAccount/index.jsp
2015-03-04 13:47:43 DEBUG AuthFilter:30 - Session = null
2015-03-04 13:47:44 DEBUG AuthFilter:28 - Request URI = /MobileAccount/
2015-03-04 13:47:44 DEBUG AuthFilter:30 - Session = null
2015-03-04 13:47:44 DEBUG AuthFilter:34 - Unauthorized access request
2015-03-04 13:47:44 DEBUG AuthFilter:28 - Request URI = /MobileAccount/index.jsp
2015-03-04 13:47:44 DEBUG AuthFilter:30 - Session = null
2015-03-04 13:48:00 DEBUG AuthFilter:28 - Request URI = /MobileAccount/index.jsp
2015-03-04 13:48:00 DEBUG AuthFilter:30 - Session = null
2015-03-04 13:48:02 DEBUG AuthFilter:28 - Request URI = /MobileAccount/index.jsp
2015-03-04 13:48:02 DEBUG AuthFilter:30 - Session = null
2015-03-04 14:03:05 DEBUG AuthFilter:28 - Request URI = /MobileAccount/
2015-03-04 14:03:05 DEBUG AuthFilter:30 - Session = null
2015-03-04 14:03:05 DEBUG AuthFilter:34 - Unauthorized access request
2015-03-04 14:03:05 DEBUG AuthFilter:28 - Request URI = /MobileAccount/index.jsp
2015-03-04 14:03:05 DEBUG AuthFilter:30 - Session = null
2015-03-04 14:03:06 DEBUG AuthFilter:28 - Request URI = /MobileAccount/
2015-03-04 14:03:06 DEBUG AuthFilter:30 - Session = null
2015-03-04 14:03:06 DEBUG AuthFilter:34 - Unauthorized access request
2015-03-04 14:03:06 DEBUG AuthFilter:28 - Request URI = /MobileAccount/index.jsp
2015-03-04 14:03:06 DEBUG AuthFilter:30 - Session = null
2015-03-04 14:03:26 DEBUG AuthFilter:28 - Request URI = /MobileAccount/index.jsp
2015-03-04 14:03:26 DEBUG AuthFilter:30 - Session = null
2015-03-04 14:03:28 DEBUG AuthFilter:28 - Request URI = /MobileAccount/index.jsp
2015-03-04 14:03:28 DEBUG AuthFilter:30 - Session = null
2015-03-04 14:03:30 DEBUG AuthFilter:28 - Request URI = /MobileAccount/index.jsp
2015-03-04 14:03:30 DEBUG AuthFilter:30 - Session = null
2015-03-04 14:03:40 DEBUG AuthFilter:28 - Request URI = /MobileAccount/test.jsp
2015-03-04 14:03:40 DEBUG AuthFilter:30 - Session = null
2015-03-04 14:03:40 DEBUG AuthFilter:34 - Unauthorized access request
2015-03-04 14:03:40 DEBUG AuthFilter:28 - Request URI = /MobileAccount/index.jsp
2015-03-04 14:03:40 DEBUG AuthFilter:30 - Session = null
2015-03-04 14:17:20 DEBUG AuthFilter:28 - Request URI = /MobileAccount/index.jsp
2015-03-04 14:17:20 DEBUG AuthFilter:30 - Session = null
2015-03-04 15:02:18 DEBUG AuthFilter:28 - Request URI = /MobileAccount/
2015-03-04 15:02:18 DEBUG AuthFilter:30 - Session = null
2015-03-04 15:02:18 DEBUG AuthFilter:34 - Unauthorized access request
2015-03-04 15:02:18 DEBUG AuthFilter:28 - Request URI = /MobileAccount/index.jsp
2015-03-04 15:02:18 DEBUG AuthFilter:30 - Session = null
2015-03-04 15:02:20 DEBUG AuthFilter:28 - Request URI = /MobileAccount/
2015-03-04 15:02:20 DEBUG AuthFilter:30 - Session = null
2015-03-04 15:02:20 DEBUG AuthFilter:34 - Unauthorized access request
2015-03-04 15:02:20 DEBUG AuthFilter:28 - Request URI = /MobileAccount/index.jsp
2015-03-04 15:02:20 DEBUG AuthFilter:30 - Session = null
2015-03-04 15:12:22 DEBUG AuthFilter:28 - Request URI = /MobileAccount/index.jsp
2015-03-04 15:12:22 DEBUG AuthFilter:30 - Session = null
2015-03-04 15:15:04 DEBUG AuthFilter:28 - Request URI = /MobileAccount/
2015-03-04 15:15:04 DEBUG AuthFilter:30 - Session = null
2015-03-04 15:15:04 DEBUG AuthFilter:34 - Unauthorized access request
2015-03-04 15:15:07 DEBUG AuthFilter:28 - Request URI = /MobileAccount/
2015-03-04 15:15:07 DEBUG AuthFilter:30 - Session = null
2015-03-04 15:15:07 DEBUG AuthFilter:34 - Unauthorized access request
2015-03-04 15:15:07 DEBUG AuthFilter:28 - Request URI = /MobileAccount/css/index.css
2015-03-04 15:15:07 DEBUG AuthFilter:30 - Session = org.apache.catalina.session.StandardSessionFacade@d8b870
2015-03-04 15:18:24 DEBUG AuthFilter:28 - Request URI = /MobileAccount/
2015-03-04 15:18:24 DEBUG AuthFilter:30 - Session = null
2015-03-04 15:18:24 DEBUG AuthFilter:34 - Unauthorized access request
2015-03-04 15:18:26 DEBUG AuthFilter:28 - Request URI = /MobileAccount/
2015-03-04 15:18:26 DEBUG AuthFilter:30 - Session = null
2015-03-04 15:18:26 DEBUG AuthFilter:34 - Unauthorized access request
2015-03-04 15:20:23 DEBUG AuthFilter:28 - Request URI = /MobileAccount/test.jsp
2015-03-04 15:20:23 DEBUG AuthFilter:30 - Session = org.apache.catalina.session.StandardSessionFacade@3248be
2015-03-04 15:20:57 DEBUG AuthFilter:28 - Request URI = /MobileAccount/login
2015-03-04 15:20:57 DEBUG AuthFilter:30 - Session = org.apache.catalina.session.StandardSessionFacade@3248be
2015-03-04 15:20:57 INFO  LoginServlet:30 - Starting login servlet
2015-03-04 15:21:00 INFO  ClientServiceImpl:27 - Creating client service
2015-03-04 15:21:00 DEBUG AuthFilter:28 - Request URI = /MobileAccount/login
2015-03-04 15:21:00 DEBUG AuthFilter:30 - Session = org.apache.catalina.session.StandardSessionFacade@3248be
2015-03-04 15:21:00 INFO  LoginServlet:30 - Starting login servlet
2015-03-04 15:21:00 INFO  ClientServiceImpl:27 - Creating client service
2015-03-04 15:21:01 DEBUG AuthFilter:28 - Request URI = /MobileAccount/css/client.css
2015-03-04 15:21:01 DEBUG AuthFilter:30 - Session = org.apache.catalina.session.StandardSessionFacade@3248be
2015-03-04 15:21:16 DEBUG AuthFilter:28 - Request URI = /MobileAccount/index.jsp
2015-03-04 15:21:16 DEBUG AuthFilter:30 - Session = org.apache.catalina.session.StandardSessionFacade@3248be
2015-03-04 15:21:42 DEBUG AuthFilter:28 - Request URI = /MobileAccount/login
2015-03-04 15:21:42 DEBUG AuthFilter:30 - Session = org.apache.catalina.session.StandardSessionFacade@3248be
2015-03-04 15:21:42 INFO  LoginServlet:30 - Starting login servlet
2015-03-04 15:21:42 INFO  ClientServiceImpl:27 - Creating client service
2015-03-04 15:21:42 DEBUG LoginServlet:55 - Client is not found
2015-03-04 15:21:48 DEBUG AuthFilter:28 - Request URI = /MobileAccount/index.jsp
2015-03-04 15:21:48 DEBUG AuthFilter:30 - Session = org.apache.catalina.session.StandardSessionFacade@3248be
2015-03-04 15:56:03 INFO  LoginServlet:30 - Starting login servlet
2015-03-04 15:56:05 INFO  ClientServiceImpl:27 - Creating client service
2015-03-04 17:40:54 DEBUG AuthFilter:29 - Requested Resource:: /MobileAccount/
2015-03-04 17:40:54 DEBUG AuthFilter:29 - Requested Resource:: /MobileAccount/index.jsp
2015-03-04 17:41:01 DEBUG AuthFilter:29 - Requested Resource:: /MobileAccount/
2015-03-04 17:41:01 DEBUG AuthFilter:29 - Requested Resource:: /MobileAccount/index.jsp
2015-03-04 17:41:14 DEBUG AuthFilter:29 - Requested Resource:: /MobileAccount/login
2015-03-04 17:41:14 INFO  LoginServlet:28 - Starting login servlet
2015-03-04 17:46:20 DEBUG AuthFilter:29 - Requested Resource:: /MobileAccount/
2015-03-04 17:46:20 DEBUG AuthFilter:29 - Requested Resource:: /MobileAccount/index.jsp
2015-03-04 17:46:22 DEBUG AuthFilter:29 - Requested Resource:: /MobileAccount/
2015-03-04 17:46:22 DEBUG AuthFilter:29 - Requested Resource:: /MobileAccount/index.jsp
2015-03-04 17:46:30 DEBUG AuthFilter:29 - Requested Resource:: /MobileAccount/login
2015-03-04 17:46:30 INFO  LoginServlet:28 - Starting login servlet
2015-03-04 17:47:42 DEBUG AuthFilter:29 - Requested Resource:: /MobileAccount/index.jsp
2015-03-04 17:47:42 DEBUG AuthFilter:29 - Requested Resource:: /MobileAccount/css/index.css
2015-03-04 17:47:48 DEBUG AuthFilter:29 - Requested Resource:: /MobileAccount/login
2015-03-04 17:47:48 INFO  LoginServlet:28 - Starting login servlet
2015-03-04 17:49:02 DEBUG AuthFilter:29 - Requested Resource:: /MobileAccount/
2015-03-04 17:49:02 DEBUG AuthFilter:29 - Requested Resource:: /MobileAccount/index.jsp
2015-03-04 17:49:04 DEBUG AuthFilter:29 - Requested Resource:: /MobileAccount/
2015-03-04 17:49:04 DEBUG AuthFilter:29 - Requested Resource:: /MobileAccount/index.jsp
2015-03-04 17:49:11 DEBUG AuthFilter:29 - Requested Resource:: /MobileAccount/login
2015-03-04 17:49:11 INFO  LoginServlet:28 - Starting login servlet
2015-03-04 17:49:13 INFO  ClientServiceImpl:27 - Creating client service
2015-03-04 17:49:14 DEBUG AuthFilter:29 - Requested Resource:: /MobileAccount/css/client.css
2015-03-04 23:01:08 DEBUG AuthFilter:29 - Requested Resource:: /MobileAccount/
2015-03-04 23:01:08 DEBUG AuthFilter:29 - Requested Resource:: /MobileAccount/index.jsp
2015-03-04 23:01:09 DEBUG AuthFilter:29 - Requested Resource:: /MobileAccount/
2015-03-04 23:01:09 DEBUG AuthFilter:29 - Requested Resource:: /MobileAccount/index.jsp
2015-03-04 23:01:10 DEBUG AuthFilter:29 - Requested Resource:: /MobileAccount/css/index.css
2015-03-04 23:01:21 DEBUG AuthFilter:29 - Requested Resource:: /MobileAccount/login
2015-03-04 23:01:21 INFO  LoginServlet:28 - Starting login servlet
2015-03-04 23:01:23 INFO  ClientServiceImpl:29 - Creating client service
2015-03-04 23:01:24 DEBUG AuthFilter:29 - Requested Resource:: /MobileAccount/css/style.css
2015-03-04 23:01:35 DEBUG AuthFilter:29 - Requested Resource:: /MobileAccount/client.jsp
2015-03-04 23:01:42 DEBUG AuthFilter:29 - Requested Resource:: /MobileAccount/css/style.css
2015-03-04 23:06:11 DEBUG AuthFilter:29 - Requested Resource:: /MobileAccount/login
2015-03-04 23:06:11 DEBUG AuthFilter:29 - Requested Resource:: /MobileAccount/index.jsp
2015-03-04 23:06:19 DEBUG AuthFilter:29 - Requested Resource:: /MobileAccount/login
2015-03-04 23:06:19 INFO  LoginServlet:28 - Starting login servlet
2015-03-04 23:06:20 INFO  ClientServiceImpl:29 - Creating client service
2015-03-04 23:06:20 DEBUG AuthFilter:29 - Requested Resource:: /MobileAccount/css/style.css
2015-03-04 23:13:32 DEBUG AuthFilter:29 - Requested Resource:: /MobileAccount/login
2015-03-04 23:13:32 DEBUG AuthFilter:29 - Requested Resource:: /MobileAccount/index.jsp
2015-03-04 23:13:39 DEBUG AuthFilter:29 - Requested Resource:: /MobileAccount/login
2015-03-04 23:13:39 INFO  LoginServlet:28 - Starting login servlet
2015-03-04 23:13:41 INFO  ClientServiceImpl:29 - Creating client service
2015-03-04 23:13:41 DEBUG AuthFilter:29 - Requested Resource:: /MobileAccount/css/style.css
2015-03-04 23:17:32 DEBUG AuthFilter:29 - Requested Resource:: /MobileAccount/login
2015-03-04 23:17:32 DEBUG AuthFilter:29 - Requested Resource:: /MobileAccount/index.jsp
2015-03-04 23:17:32 DEBUG AuthFilter:29 - Requested Resource:: /MobileAccount/css/index.css
2015-03-04 23:17:42 DEBUG AuthFilter:29 - Requested Resource:: /MobileAccount/login
2015-03-04 23:17:42 INFO  LoginServlet:28 - Starting login servlet
2015-03-04 23:17:43 INFO  ClientServiceImpl:29 - Creating client service
2015-03-04 23:20:48 DEBUG AuthFilter:29 - Requested Resource:: /MobileAccount/index.jsp
2015-03-04 23:20:49 DEBUG AuthFilter:29 - Requested Resource:: /MobileAccount/css/index.css
2015-03-04 23:20:55 DEBUG AuthFilter:29 - Requested Resource:: /MobileAccount/login
2015-03-04 23:20:55 INFO  LoginServlet:28 - Starting login servlet
2015-03-04 23:20:55 INFO  ClientServiceImpl:29 - Creating client service
2015-03-04 23:22:13 DEBUG AuthFilter:29 - Requested Resource:: /MobileAccount/
2015-03-04 23:22:13 DEBUG AuthFilter:29 - Requested Resource:: /MobileAccount/index.jsp
2015-03-04 23:22:15 DEBUG AuthFilter:29 - Requested Resource:: /MobileAccount/
2015-03-04 23:22:15 DEBUG AuthFilter:29 - Requested Resource:: /MobileAccount/index.jsp
2015-03-04 23:22:24 DEBUG AuthFilter:29 - Requested Resource:: /MobileAccount/login
2015-03-04 23:22:24 INFO  LoginServlet:28 - Starting login servlet
2015-03-04 23:22:26 INFO  ClientServiceImpl:29 - Creating client service
2015-03-04 23:24:04 DEBUG AuthFilter:29 - Requested Resource:: /MobileAccount/
2015-03-04 23:24:04 DEBUG AuthFilter:29 - Requested Resource:: /MobileAccount/index.jsp
2015-03-04 23:24:06 DEBUG AuthFilter:29 - Requested Resource:: /MobileAccount/
2015-03-04 23:24:06 DEBUG AuthFilter:29 - Requested Resource:: /MobileAccount/index.jsp
2015-03-04 23:24:15 DEBUG AuthFilter:29 - Requested Resource:: /MobileAccount/login
2015-03-04 23:24:15 INFO  LoginServlet:28 - Starting login servlet
2015-03-04 23:24:17 INFO  ClientServiceImpl:29 - Creating client service
2015-03-04 23:25:32 DEBUG AuthFilter:29 - Requested Resource:: /MobileAccount/index.jsp
2015-03-04 23:25:32 DEBUG AuthFilter:29 - Requested Resource:: /MobileAccount/css/index.css
2015-03-04 23:25:39 DEBUG AuthFilter:29 - Requested Resource:: /MobileAccount/login
2015-03-04 23:25:39 INFO  LoginServlet:28 - Starting login servlet
2015-03-04 23:25:40 INFO  ClientServiceImpl:29 - Creating client service
2015-03-04 23:27:02 DEBUG AuthFilter:29 - Requested Resource:: /MobileAccount/index.jsp
2015-03-04 23:27:02 DEBUG AuthFilter:29 - Requested Resource:: /MobileAccount/css/index.css
2015-03-04 23:27:09 DEBUG AuthFilter:29 - Requested Resource:: /MobileAccount/login
2015-03-04 23:27:09 INFO  LoginServlet:28 - Starting login servlet
2015-03-04 23:27:11 INFO  ClientServiceImpl:29 - Creating client service
2015-03-04 23:29:23 DEBUG AuthFilter:29 - Requested Resource:: /MobileAccount/index.jsp
2015-03-04 23:29:23 DEBUG AuthFilter:29 - Requested Resource:: /MobileAccount/css/index.css
2015-03-04 23:29:28 DEBUG AuthFilter:29 - Requested Resource:: /MobileAccount/login
2015-03-04 23:29:28 INFO  LoginServlet:28 - Starting login servlet
2015-03-04 23:29:30 INFO  ClientServiceImpl:29 - Creating client service
2015-03-04 23:29:30 DEBUG AuthFilter:29 - Requested Resource:: /MobileAccount/css/style.css
2015-03-04 23:34:34 DEBUG AuthFilter:29 - Requested Resource:: /MobileAccount/index.jsp
2015-03-04 23:34:34 DEBUG AuthFilter:29 - Requested Resource:: /MobileAccount/css/index.css
2015-03-04 23:34:40 DEBUG AuthFilter:29 - Requested Resource:: /MobileAccount/login
2015-03-04 23:34:40 INFO  LoginServlet:28 - Starting login servlet
2015-03-04 23:34:41 INFO  ClientServiceImpl:29 - Creating client service
2015-03-04 23:34:42 DEBUG AuthFilter:29 - Requested Resource:: /MobileAccount/css/style.css
2015-03-05 00:04:11 DEBUG AuthFilter:29 - Requested Resource:: /MobileAccount/index.jsp
2015-03-05 00:04:11 DEBUG AuthFilter:29 - Requested Resource:: /MobileAccount/css/index.css
2015-03-05 00:04:18 DEBUG AuthFilter:29 - Requested Resource:: /MobileAccount/login
2015-03-05 00:04:18 INFO  LoginServlet:32 - Starting login servlet
2015-03-05 00:04:20 INFO  OperatorService:27 - Creating operator service
2015-03-05 00:04:20 INFO  ClientServiceImpl:29 - Creating client service
2015-03-05 00:04:20 DEBUG OperatorService:133 - Reading all contracts
2015-03-05 00:06:58 DEBUG AuthFilter:29 - Requested Resource:: /MobileAccount/index.jsp
2015-03-05 00:06:58 DEBUG AuthFilter:29 - Requested Resource:: /MobileAccount/css/index.css
2015-03-05 00:07:05 DEBUG AuthFilter:29 - Requested Resource:: /MobileAccount/login
2015-03-05 00:07:05 INFO  LoginServlet:32 - Starting login servlet
2015-03-05 00:07:58 DEBUG AuthFilter:29 - Requested Resource:: /MobileAccount/
2015-03-05 00:07:58 DEBUG AuthFilter:29 - Requested Resource:: /MobileAccount/index.jsp
2015-03-05 00:08:01 DEBUG AuthFilter:29 - Requested Resource:: /MobileAccount/
2015-03-05 00:08:01 DEBUG AuthFilter:29 - Requested Resource:: /MobileAccount/index.jsp
2015-03-05 00:08:09 DEBUG AuthFilter:29 - Requested Resource:: /MobileAccount/login
2015-03-05 00:08:09 INFO  LoginServlet:32 - Starting login servlet
2015-03-05 00:08:10 INFO  OperatorService:27 - Creating operator service
2015-03-05 00:08:10 INFO  ClientServiceImpl:29 - Creating client service
2015-03-05 00:08:11 DEBUG OperatorService:133 - Reading all contracts
2015-03-05 00:08:11 DEBUG AuthFilter:29 - Requested Resource:: /MobileAccount/css/style.css
2015-03-05 00:09:52 DEBUG AuthFilter:29 - Requested Resource:: /MobileAccount/index.jsp
2015-03-05 00:09:53 DEBUG AuthFilter:29 - Requested Resource:: /MobileAccount/css/index.css
2015-03-05 00:09:58 DEBUG AuthFilter:29 - Requested Resource:: /MobileAccount/login
2015-03-05 00:09:58 INFO  LoginServlet:32 - Starting login servlet
2015-03-05 00:09:59 INFO  OperatorService:27 - Creating operator service
2015-03-05 00:09:59 INFO  ClientServiceImpl:29 - Creating client service
2015-03-05 00:09:59 DEBUG OperatorService:133 - Reading all contracts
2015-03-05 00:19:51 DEBUG AuthFilter:29 - Requested Resource:: /MobileAccount/index.jsp
2015-03-05 00:19:51 DEBUG AuthFilter:29 - Requested Resource:: /MobileAccount/css/index.css
2015-03-05 00:19:57 DEBUG AuthFilter:29 - Requested Resource:: /MobileAccount/login
2015-03-05 00:19:57 INFO  LoginServlet:32 - Starting login servlet
2015-03-05 00:19:59 INFO  OperatorService:27 - Creating operator service
2015-03-05 00:19:59 INFO  ClientServiceImpl:29 - Creating client service
2015-03-05 00:19:59 DEBUG OperatorService:133 - Reading all contracts
2015-03-05 00:19:59 DEBUG AuthFilter:29 - Requested Resource:: /MobileAccount/css/style.css
2015-03-05 00:26:58 DEBUG AuthFilter:29 - Requested Resource:: /MobileAccount/index.jsp
2015-03-05 00:26:59 DEBUG AuthFilter:29 - Requested Resource:: /MobileAccount/css/index.css
2015-03-05 00:27:05 DEBUG AuthFilter:29 - Requested Resource:: /MobileAccount/login
2015-03-05 00:27:05 INFO  LoginServlet:32 - Starting login servlet
2015-03-05 00:27:07 INFO  OperatorService:27 - Creating operator service
2015-03-05 00:27:07 INFO  ClientServiceImpl:29 - Creating client service
2015-03-05 00:27:07 DEBUG OperatorService:133 - Reading all contracts
2015-03-05 00:27:07 DEBUG AuthFilter:29 - Requested Resource:: /MobileAccount/css/style.css
2015-03-05 00:31:13 DEBUG AuthFilter:29 - Requested Resource:: /MobileAccount/index.jsp
2015-03-05 00:31:13 DEBUG AuthFilter:29 - Requested Resource:: /MobileAccount/css/index.css
2015-03-05 00:31:20 DEBUG AuthFilter:29 - Requested Resource:: /MobileAccount/login
2015-03-05 00:31:20 INFO  LoginServlet:32 - Starting login servlet
2015-03-05 00:31:21 INFO  OperatorService:27 - Creating operator service
2015-03-05 00:31:21 INFO  ClientServiceImpl:29 - Creating client service
2015-03-05 00:31:21 DEBUG OperatorService:133 - Reading all contracts
2015-03-05 00:31:22 DEBUG AuthFilter:29 - Requested Resource:: /MobileAccount/css/style.css
2015-03-05 00:33:27 DEBUG AuthFilter:29 - Requested Resource:: /MobileAccount/index.jsp
2015-03-05 00:33:27 DEBUG AuthFilter:29 - Requested Resource:: /MobileAccount/css/index.css
2015-03-05 00:33:32 DEBUG AuthFilter:29 - Requested Resource:: /MobileAccount/login
2015-03-05 00:33:32 INFO  LoginServlet:32 - Starting login servlet
2015-03-05 00:33:34 INFO  OperatorService:27 - Creating operator service
2015-03-05 00:33:34 INFO  ClientServiceImpl:29 - Creating client service
2015-03-05 00:33:34 DEBUG OperatorService:133 - Reading all contracts
2015-03-05 00:33:34 DEBUG AuthFilter:29 - Requested Resource:: /MobileAccount/css/style.css
2015-03-05 00:35:41 DEBUG AuthFilter:29 - Requested Resource:: /MobileAccount/index.jsp
2015-03-05 00:35:41 DEBUG AuthFilter:29 - Requested Resource:: /MobileAccount/css/index.css
2015-03-05 00:35:47 DEBUG AuthFilter:29 - Requested Resource:: /MobileAccount/login
2015-03-05 00:35:47 INFO  LoginServlet:32 - Starting login servlet
2015-03-05 00:36:29 DEBUG AuthFilter:29 - Requested Resource:: /MobileAccount/
2015-03-05 00:36:29 DEBUG AuthFilter:29 - Requested Resource:: /MobileAccount/index.jsp
2015-03-05 00:36:31 DEBUG AuthFilter:29 - Requested Resource:: /MobileAccount/
2015-03-05 00:36:31 DEBUG AuthFilter:29 - Requested Resource:: /MobileAccount/index.jsp
2015-03-05 00:36:37 DEBUG AuthFilter:29 - Requested Resource:: /MobileAccount/login
2015-03-05 00:36:37 INFO  LoginServlet:32 - Starting login servlet
2015-03-05 00:36:39 INFO  OperatorService:27 - Creating operator service
2015-03-05 00:36:39 INFO  ClientServiceImpl:29 - Creating client service
2015-03-05 00:36:39 DEBUG OperatorService:133 - Reading all contracts
2015-03-05 00:36:40 DEBUG AuthFilter:29 - Requested Resource:: /MobileAccount/css/style.css
